<?xml version="1.0" encoding="UTF-8"?>
<!-- Generated by org.testng.reporters.JUnitReportReporter -->
<testsuite skipped="0" hostname="Muthukumar" name="Test.com.muthuAltimetrik.NewTest2" tests="2" failures="0" timestamp="13 May 2020 03:18:03 GMT" time="0.032" errors="0">
  <testcase name="f1" time="0.016" classname="Test.com.muthuAltimetrik.NewTest2"/>
  <testcase name="f" time="0.016" classname="Test.com.muthuAltimetrik.NewTest2"/>
</testsuite> <!-- Test.com.muthuAltimetrik.NewTest2 -->
