<?xml version="1.0" encoding="UTF-8"?>
<!-- Generated by org.testng.reporters.JUnitReportReporter -->
<testsuite skipped="1" hostname="Muthukumar" name="Test.com.muthuAltimetrik.TestCaseTwo" tests="1" failures="0" timestamp="22 Jul 2020 13:53:21 GMT" time="0.000" errors="0">
  <testcase name="Books" time="0.000" classname="Test.com.muthuAltimetrik.TestCaseTwo">
    <skipped/>
  </testcase> <!-- Books -->
</testsuite> <!-- Test.com.muthuAltimetrik.TestCaseTwo -->
