<?xml version="1.0" encoding="UTF-8"?>
<!-- Generated by org.testng.reporters.JUnitReportReporter -->
<testsuite skipped="1" hostname="Muthukumar" name="Test.com.muthuAltimetrik.TestCaseOne" tests="3" failures="0" timestamp="11 Jun 2021 03:55:49 GMT" time="17.001" errors="0">
  <testcase name="TestCaseOne" time="16.005" classname="Test.com.muthuAltimetrik.TestCaseOne"/>
  <testcase name="TestCaseTwo" time="0.996" classname="Test.com.muthuAltimetrik.TestCaseOne"/>
  <testcase name="TestCaseThree" classname="Test.com.muthuAltimetrik.TestCaseOne">
    <skipped/>
  </testcase> <!-- TestCaseThree -->
</testsuite> <!-- Test.com.muthuAltimetrik.TestCaseOne -->
