<?xml version="1.0" encoding="UTF-8"?>
<!-- Generated by org.testng.reporters.JUnitReportReporter -->
<testsuite skipped="0" hostname="Muthukumar" name="Test.com.muthuAltimetrik.TestCaseTwo" tests="1" failures="0" timestamp="20 Jul 2020 06:07:05 GMT" time="8.389" errors="0">
  <testcase name="Books" time="8.389" classname="Test.com.muthuAltimetrik.TestCaseTwo"/>
</testsuite> <!-- Test.com.muthuAltimetrik.TestCaseTwo -->
